0 info it worked if it ends with ok
1 verbose cli [ 'E:\\software\\node\\node.exe',
1 verbose cli   'C:\\Users\\Li\\AppData\\Roaming\\npm\\node_modules\\npm\\bin\\npm-cli.js',
1 verbose cli   'run',
1 verbose cli   'dev' ]
2 info using npm@3.10.10
3 info using node@v6.9.5
4 verbose run-script [ 'predev', 'dev', 'postdev' ]
5 info lifecycle y@1.0.0~predev: y@1.0.0
6 silly lifecycle y@1.0.0~predev: no script for predev, continuing
7 info lifecycle y@1.0.0~dev: y@1.0.0
8 verbose lifecycle y@1.0.0~dev: unsafe-perm in lifecycle true
9 verbose lifecycle y@1.0.0~dev: PATH: C:\Users\Li\AppData\Roaming\npm\node_modules\npm\bin\node-gyp-bin;D:\Smartisan\node_modules\.bin;D:\Smartisan\node_modules\.bin;C:\Program Files\NVIDIA GPU Computing Toolkit\CUDA\v10.1\bin;C:\Program Files\NVIDIA GPU Computing Toolkit\CUDA\v10.1\libnvvp;C:\WINDOWS\system32;C:\WINDOWS;C:\WINDOWS\System32\Wbem;C:\WINDOWS\System32\WindowsPowerShell\v1.0\;E:\Java\jdk1.8.0_45\bin;E:\Java\jdk1.8.0_45\jre\bin;E:\Java\apache-maven-3.3.9\bin;C:\WINDOWS\System32\OpenSSH\;D:\dev\hadoop-2.5.2\bin;C:\software\Git\cmd;C:\software\Git\mingw64\bin;C:\software\Git\usr\bin;E:\software\node\;E:\software\itools;E:\software\itunes;D:\APP\android-sdk_r24.4.1-windows\android-sdk-windows\tools;D:\APP\android-sdk_r24.4.1-windows\android-sdk-windows\platform-tools;D:\APP\gradle\gradle-4.10-rc-1\bin;D:\dev\zookeeper-3.4.14\zookeeper-3.4.14\bin;D:\dev\zookeeper-3.4.14\zookeeper-3.4.14\conf;C:\Users\Li\AppData\Local\Programs\Python\Python37;D:\anaconds\Scripts;D:\anaconds;C:\Program Files\NVIDIA Corporation\Nsight Compute 2019.3.0\;C:\Program Files (x86)\NVIDIA Corporation\PhysX\Common;C:\Program Files\NVIDIA Corporation\NVIDIA NvDLISR;D:\anaconds;D:\anaconds\Library\mingw-w64\bin;D:\anaconds\Library\usr\bin;D:\anaconds\Library\bin;D:\anaconds\Scripts;C:\Users\Li\AppData\Local\Programs\Python\Python37\Scripts\;C:\Users\Li\AppData\Local\Programs\Python\Python37\;C:\Users\Li\AppData\Local\Microsoft\WindowsApps;E:\software\Notepad++\Microsoft VS Code\bin;C:\Users\Li\AppData\Roaming\npm
10 verbose lifecycle y@1.0.0~dev: CWD: D:\Smartisan
11 silly lifecycle y@1.0.0~dev: Args: [ '/d /s /c',
11 silly lifecycle   'webpack-dev-server --inline --progress --config build/webpack.dev.conf.js' ]
12 verbose stack Error: kill ENOSYS
12 verbose stack     at exports._errnoException (util.js:1022:11)
12 verbose stack     at process.kill (internal/process.js:172:13)
12 verbose stack     at process.listener (C:\Users\Li\AppData\Roaming\npm\node_modules\npm\node_modules\npmlog\node_modules\gauge\node_modules\signal-exit\index.js:86:15)
12 verbose stack     at emitNone (events.js:91:20)
12 verbose stack     at process.emit (events.js:185:7)
12 verbose stack     at processEmit (C:\Users\Li\AppData\Roaming\npm\node_modules\npm\node_modules\npmlog\node_modules\gauge\node_modules\signal-exit\index.js:146:32)
12 verbose stack     at processEmit (C:\Users\Li\AppData\Roaming\npm\node_modules\npm\node_modules\npm-registry-client\node_modules\npmlog\node_modules\gauge\node_modules\signal-exit\index.js:146:32)
12 verbose stack     at Signal.wrap.onsignal (internal/process.js:199:44)
13 verbose cwd D:\Smartisan
14 error Windows_NT 10.0.17134
15 error argv "E:\\software\\node\\node.exe" "C:\\Users\\Li\\AppData\\Roaming\\npm\\node_modules\\npm\\bin\\npm-cli.js" "run" "dev"
16 error node v6.9.5
17 error npm  v3.10.10
18 error code ENOSYS
19 error errno ENOSYS
20 error syscall kill
21 error kill ENOSYS
22 error If you need help, you may report this error at:
22 error     <https://github.com/npm/npm/issues>
23 verbose exit [ 1, true ]
